<?xml version="1.0" encoding="UTF-8"?>
<!-- Generated by org.testng.reporters.JUnitXMLReporter -->
<testsuite ignored="0" hostname="Siddharath" failures="0" tests="12" name="Surefire test" time="29.621" errors="0" timestamp="2024-11-26T10:30:30 IST">
  <testcase classname="api.test.DataDrivenTest" name="testPostUser" time="3.477"/>
  <testcase classname="api.test.DataDrivenTest" name="testPostUser" time="1.997"/>
  <testcase classname="api.test.DataDrivenTest" name="testPostUser" time="1.554"/>
  <testcase classname="api.test.DataDrivenTest" name="testPostUser" time="1.853"/>
  <testcase classname="api.test.DataDrivenTest" name="testDeleteUserByname" time="1.532"/>
  <testcase classname="api.test.DataDrivenTest" name="testDeleteUserByname" time="1.957"/>
  <testcase classname="api.test.DataDrivenTest" name="testDeleteUserByname" time="1.768"/>
  <testcase classname="api.test.DataDrivenTest" name="testDeleteUserByname" time="4.754"/>
  <testcase classname="api.test.UserTests" name="testPostUser" time="2.298"/>
  <testcase classname="api.test.UserTests" name="getUserByName" time="1.563"/>
  <testcase classname="api.test.UserTests" name="updateUser" time="3.092"/>
  <testcase classname="api.test.UserTests" name="deleteUserByName" time="1.566"/>
</testsuite> <!-- Surefire test -->
