<?xml version="1.0" encoding="UTF-8"?>
<!-- Generated by org.testng.reporters.JUnitXMLReporter -->
<testsuite ignored="0" hostname="Siddharath" failures="0" tests="8" name="Default test" time="17.41" errors="0" timestamp="2024-11-26T08:50:02 IST">
  <testcase classname="api.test.DataDrivenTest" name="testPostUser" time="3.411"/>
  <testcase classname="api.test.DataDrivenTest" name="testPostUser" time="1.678"/>
  <testcase classname="api.test.DataDrivenTest" name="testPostUser" time="1.681"/>
  <testcase classname="api.test.DataDrivenTest" name="testPostUser" time="1.67"/>
  <testcase classname="api.test.DataDrivenTest" name="testDeleteUserByname" time="1.696"/>
  <testcase classname="api.test.DataDrivenTest" name="testDeleteUserByname" time="1.593"/>
  <testcase classname="api.test.DataDrivenTest" name="testDeleteUserByname" time="1.678"/>
  <testcase classname="api.test.DataDrivenTest" name="testDeleteUserByname" time="1.603"/>
</testsuite> <!-- Default test -->
