<?xml version="1.0" encoding="UTF-8"?>
<testng-results ignored="0" total="4" passed="4" failed="0" skipped="0">
  <reporter-output>
  </reporter-output>
  <suite started-at="2024-11-26T10:33:52 IST" name="PetSuite" finished-at="2024-11-26T10:34:02 IST" duration-ms="10310">
    <groups>
    </groups>
    <test started-at="2024-11-26T10:33:52 IST" name="PetTest" finished-at="2024-11-26T10:34:02 IST" duration-ms="10310">
      <class name="api.test.UserTests">
        <test-method is-config="true" signature="setup()[pri:0, instance:api.test.UserTests@6221a451]" started-at="2024-11-26T10:33:52 IST" name="setup" finished-at="2024-11-26T10:33:52 IST" duration-ms="526" status="PASS">
          <reporter-output>
          </reporter-output>
        </test-method> <!-- setup -->
        <test-method signature="testPostUser()[pri:1, instance:api.test.UserTests@6221a451]" started-at="2024-11-26T10:33:52 IST" name="testPostUser" finished-at="2024-11-26T10:33:56 IST" duration-ms="3304" status="PASS">
          <reporter-output>
          </reporter-output>
        </test-method> <!-- testPostUser -->
        <test-method signature="getUserByName()[pri:2, instance:api.test.UserTests@6221a451]" started-at="2024-11-26T10:33:56 IST" name="getUserByName" finished-at="2024-11-26T10:33:57 IST" duration-ms="1492" status="PASS">
          <reporter-output>
          </reporter-output>
        </test-method> <!-- getUserByName -->
        <test-method signature="updateUser()[pri:3, instance:api.test.UserTests@6221a451]" started-at="2024-11-26T10:33:57 IST" name="updateUser" finished-at="2024-11-26T10:34:00 IST" duration-ms="3197" status="PASS">
          <reporter-output>
          </reporter-output>
        </test-method> <!-- updateUser -->
        <test-method signature="deleteUserByName()[pri:4, instance:api.test.UserTests@6221a451]" started-at="2024-11-26T10:34:00 IST" name="deleteUserByName" finished-at="2024-11-26T10:34:02 IST" duration-ms="1504" status="PASS">
          <reporter-output>
          </reporter-output>
        </test-method> <!-- deleteUserByName -->
      </class> <!-- api.test.UserTests -->
    </test> <!-- PetTest -->
  </suite> <!-- PetSuite -->
</testng-results>
