<?xml version="1.0" encoding="UTF-8"?>
<!-- Generated by org.testng.reporters.JUnitXMLReporter -->
<testsuite ignored="0" hostname="Siddharath" failures="0" tests="4" name="PetTest" time="10.31" errors="0" timestamp="2024-11-26T10:34:02 IST">
  <testcase classname="api.test.UserTests" name="testPostUser" time="3.304"/>
  <testcase classname="api.test.UserTests" name="getUserByName" time="1.492"/>
  <testcase classname="api.test.UserTests" name="updateUser" time="3.197"/>
  <testcase classname="api.test.UserTests" name="deleteUserByName" time="1.504"/>
</testsuite> <!-- PetTest -->
